\BOOKMARK [0][-]{chapter*.1}{\376\377\000D\000e\000c\000l\000a\000r\000a\000t\000i\000o\000n}{}% 1
\BOOKMARK [0][-]{chapter*.2}{\376\377\000A\000c\000k\000n\000o\000w\000l\000e\000d\000g\000e\000m\000e\000n\000t\000s}{}% 2
\BOOKMARK [0][-]{chapter*.3}{\376\377\000E\000x\000e\000c\000u\000t\000i\000v\000e\000\040\000S\000u\000m\000m\000a\000r\000y}{}% 3
\BOOKMARK [0][-]{chapter*.4}{\376\377\000G\000e\000n\000e\000r\000a\000t\000i\000v\000e\000\040\000A\000I\000\040\000A\000c\000k\000n\000o\000w\000l\000e\000d\000g\000e\000m\000e\000n\000t}{}% 4
\BOOKMARK [0][-]{chapter.1}{\376\377\000I\000n\000t\000r\000o\000d\000u\000c\000t\000i\000o\000n}{}% 5
\BOOKMARK [1][-]{section.1.1}{\376\377\000C\000o\000n\000t\000e\000x\000t}{chapter.1}% 6
\BOOKMARK [1][-]{section.1.2}{\376\377\000P\000r\000o\000j\000e\000c\000t\000\040\000M\000o\000t\000i\000v\000a\000t\000i\000o\000n}{chapter.1}% 7
\BOOKMARK [1][-]{section.1.3}{\376\377\000R\000e\000s\000e\000a\000r\000c\000h\000\040\000Q\000u\000e\000s\000t\000i\000o\000n\000s}{chapter.1}% 8
\BOOKMARK [1][-]{section.1.4}{\376\377\000D\000a\000t\000a\000\040\000E\000n\000g\000i\000n\000e\000e\000r\000i\000n\000g\000\040\000V\000i\000s\000i\000o\000n}{chapter.1}% 9
\BOOKMARK [0][-]{chapter.2}{\376\377\000H\000o\000s\000t\000\040\000O\000r\000g\000a\000n\000i\000s\000a\000t\000i\000o\000n\000\040\000a\000n\000d\000\040\000I\000n\000d\000u\000s\000t\000r\000y\000\040\000C\000o\000n\000t\000e\000x\000t}{}% 10
\BOOKMARK [1][-]{section.2.1}{\376\377\000C\000o\000m\000p\000a\000n\000y\000\040\000O\000v\000e\000r\000v\000i\000e\000w}{chapter.2}% 11
\BOOKMARK [1][-]{section.2.2}{\376\377\000S\000t\000a\000k\000e\000h\000o\000l\000d\000e\000r\000\040\000M\000a\000p}{chapter.2}% 12
\BOOKMARK [1][-]{section.2.3}{\376\377\000C\000o\000m\000p\000e\000t\000i\000t\000i\000v\000e\000\040\000B\000e\000n\000c\000h\000m\000a\000r\000k}{chapter.2}% 13
\BOOKMARK [0][-]{chapter.3}{\376\377\000P\000r\000o\000b\000l\000e\000m\000\040\000S\000t\000a\000t\000e\000m\000e\000n\000t}{}% 14
\BOOKMARK [1][-]{section.3.1}{\376\377\000B\000u\000s\000i\000n\000e\000s\000s\000\040\000C\000h\000a\000l\000l\000e\000n\000g\000e\000s}{chapter.3}% 15
\BOOKMARK [1][-]{section.3.2}{\376\377\000R\000e\000s\000e\000a\000r\000c\000h\000\040\000P\000r\000o\000b\000l\000e\000m}{chapter.3}% 16
\BOOKMARK [1][-]{section.3.3}{\376\377\000S\000c\000o\000p\000e\000\040\000a\000n\000d\000\040\000C\000o\000n\000s\000t\000r\000a\000i\000n\000t\000s}{chapter.3}% 17
\BOOKMARK [1][-]{section.3.4}{\376\377\000S\000u\000c\000c\000e\000s\000s\000\040\000C\000r\000i\000t\000e\000r\000i\000a}{chapter.3}% 18
\BOOKMARK [1][-]{section.3.5}{\376\377\000D\000e\000s\000i\000g\000n\000\040\000P\000h\000i\000l\000o\000s\000o\000p\000h\000y\000\040\000C\000o\000n\000s\000t\000r\000a\000i\000n\000t\000s}{chapter.3}% 19
\BOOKMARK [0][-]{chapter.4}{\376\377\000L\000i\000t\000e\000r\000a\000t\000u\000r\000e\000\040\000R\000e\000v\000i\000e\000w}{}% 20
\BOOKMARK [1][-]{section.4.1}{\376\377\000D\000a\000t\000a\000\040\000P\000l\000a\000t\000f\000o\000r\000m\000\040\000A\000r\000c\000h\000i\000t\000e\000c\000t\000u\000r\000e}{chapter.4}% 21
\BOOKMARK [1][-]{section.4.2}{\376\377\000R\000e\000a\000l\000-\000T\000i\000m\000e\000\040\000A\000n\000a\000l\000y\000t\000i\000c\000s}{chapter.4}% 22
\BOOKMARK [1][-]{section.4.3}{\376\377\000A\000u\000t\000o\000m\000a\000t\000i\000o\000n\000\040\000a\000n\000d\000\040\000D\000e\000v\000O\000p\000s}{chapter.4}% 23
\BOOKMARK [1][-]{section.4.4}{\376\377\000G\000o\000v\000e\000r\000n\000a\000n\000c\000e\000\040\000a\000n\000d\000\040\000E\000t\000h\000i\000c\000s}{chapter.4}% 24
\BOOKMARK [1][-]{section.4.5}{\376\377\000B\000u\000s\000i\000n\000e\000s\000s\000\040\000I\000n\000t\000e\000l\000l\000i\000g\000e\000n\000c\000e\000\040\000A\000d\000o\000p\000t\000i\000o\000n}{chapter.4}% 25
\BOOKMARK [1][-]{section.4.6}{\376\377\000D\000e\000s\000i\000g\000n\000\040\000P\000r\000i\000n\000c\000i\000p\000l\000e\000s\000\040\000f\000o\000r\000\040\000D\000a\000t\000a\000\040\000E\000n\000g\000i\000n\000e\000e\000r\000i\000n\000g}{chapter.4}% 26
\BOOKMARK [0][-]{chapter.5}{\376\377\000M\000e\000t\000h\000o\000d\000o\000l\000o\000g\000y}{}% 27
\BOOKMARK [1][-]{section.5.1}{\376\377\000A\000n\000a\000l\000y\000t\000i\000c\000a\000l\000\040\000F\000r\000a\000m\000e\000w\000o\000r\000k}{chapter.5}% 28
\BOOKMARK [1][-]{section.5.2}{\376\377\000D\000a\000t\000a\000\040\000C\000o\000l\000l\000e\000c\000t\000i\000o\000n}{chapter.5}% 29
\BOOKMARK [1][-]{section.5.3}{\376\377\000D\000a\000t\000a\000\040\000P\000r\000o\000c\000e\000s\000s\000i\000n\000g\000\040\000a\000n\000d\000\040\000T\000o\000o\000l\000i\000n\000g}{chapter.5}% 30
\BOOKMARK [1][-]{section.5.4}{\376\377\000V\000a\000l\000i\000d\000a\000t\000i\000o\000n\000\040\000A\000p\000p\000r\000o\000a\000c\000h}{chapter.5}% 31
\BOOKMARK [1][-]{section.5.5}{\376\377\000L\000i\000m\000i\000t\000a\000t\000i\000o\000n\000s}{chapter.5}% 32
\BOOKMARK [0][-]{chapter.6}{\376\377\000T\000a\000r\000g\000e\000t\000\040\000A\000r\000c\000h\000i\000t\000e\000c\000t\000u\000r\000e}{}% 33
\BOOKMARK [1][-]{section.6.1}{\376\377\000H\000i\000g\000h\000-\000L\000e\000v\000e\000l\000\040\000D\000e\000s\000i\000g\000n}{chapter.6}% 34
\BOOKMARK [1][-]{section.6.2}{\376\377\000S\000o\000l\000u\000t\000i\000o\000n\000\040\000B\000l\000u\000e\000p\000r\000i\000n\000t}{chapter.6}% 35
\BOOKMARK [1][-]{section.6.3}{\376\377\000T\000e\000r\000r\000a\000f\000o\000r\000m\000\040\000p\000o\000r\000t\000a\000b\000i\000l\000i\000t\000y\000\040\000a\000n\000d\000\040\000D\000a\000t\000a\000b\000r\000i\000c\000k\000s\000\040\000a\000l\000i\000g\000n\000m\000e\000n\000t}{chapter.6}% 36
\BOOKMARK [1][-]{section.6.4}{\376\377\000U\000s\000e\000\040\000C\000a\000s\000e\000\040\000D\000i\000a\000g\000r\000a\000m}{chapter.6}% 37
\BOOKMARK [1][-]{section.6.5}{\376\377\000N\000o\000n\000-\000F\000u\000n\000c\000t\000i\000o\000n\000a\000l\000\040\000C\000o\000n\000s\000i\000d\000e\000r\000a\000t\000i\000o\000n\000s}{chapter.6}% 38
\BOOKMARK [1][-]{section.6.6}{\376\377\000D\000a\000t\000a\000O\000p\000s\000\040\000a\000n\000d\000\040\000A\000u\000t\000o\000m\000a\000t\000i\000o\000n\000\040\000P\000r\000a\000c\000t\000i\000c\000e\000s}{chapter.6}% 39
\BOOKMARK [1][-]{section.6.7}{\376\377\000G\000o\000v\000e\000r\000n\000a\000n\000c\000e\000\040\000F\000r\000a\000m\000e\000w\000o\000r\000k\000\040\000I\000n\000t\000e\000g\000r\000a\000t\000i\000o\000n}{chapter.6}% 40
\BOOKMARK [0][-]{chapter.7}{\376\377\000D\000e\000t\000a\000i\000l\000\040\000D\000a\000t\000a\000\040\000P\000i\000p\000e\000l\000i\000n\000e\000\040\000D\000e\000s\000i\000g\000n\000\040\000\050\000M\000e\000d\000a\000l\000l\000i\000o\000n\000\040\000+\000\040\000D\000D\000D\000\051}{}% 41
\BOOKMARK [1][-]{section.7.1}{\376\377\000D\000e\000s\000i\000g\000n\000\040\000p\000r\000i\000n\000c\000i\000p\000l\000e\000s\000\040\000a\000p\000p\000l\000i\000e\000d\000\040\000a\000c\000r\000o\000s\000s\000\040\000B\000r\000o\000n\000z\000e\000\040\041\222\000\040\000S\000i\000l\000v\000e\000r\000\040\041\222\000\040\000G\000o\000l\000d}{chapter.7}% 42
\BOOKMARK [1][-]{section.7.2}{\376\377\000B\000r\000o\000n\000z\000e\000\040\000l\000a\000y\000e\000r\000:\000\040\000r\000a\000w\000,\000\040\000i\000m\000m\000u\000t\000a\000b\000l\000e\000\040\000c\000a\000p\000t\000u\000r\000e}{chapter.7}% 43
\BOOKMARK [1][-]{section.7.3}{\376\377\000S\000i\000l\000v\000e\000r\000\040\000l\000a\000y\000e\000r\000:\000\040\000v\000a\000l\000i\000d\000a\000t\000e\000d\000,\000\040\000c\000o\000n\000f\000o\000r\000m\000e\000d\000\040\000d\000a\000t\000a}{chapter.7}% 44
\BOOKMARK [1][-]{section.7.4}{\376\377\000G\000o\000l\000d\000\040\000l\000a\000y\000e\000r\000:\000\040\000c\000u\000r\000a\000t\000e\000d\000\040\000m\000a\000r\000t\000s\000\040\000f\000o\000r\000\040\000a\000n\000a\000l\000y\000t\000i\000c\000s\000\040\000a\000n\000d\000\040\000a\000p\000p\000l\000i\000c\000a\000t\000i\000o\000n\000s}{chapter.7}% 45
\BOOKMARK [1][-]{section.7.5}{\376\377\000c\000u\000s\000t\000o\000m\000e\000r\000\137\000a\000p\000p\000\040\000a\000r\000c\000h\000i\000t\000e\000c\000t\000u\000r\000e\000\040\000a\000n\000d\000\040\000i\000t\000s\000\040\000r\000o\000l\000e\000\040\000i\000n\000\040\000t\000h\000e\000\040\000p\000i\000p\000e\000l\000i\000n\000e}{chapter.7}% 46
\BOOKMARK [1][-]{section.7.6}{\376\377\000C\000l\000o\000u\000d\000\040\000d\000e\000p\000l\000o\000y\000m\000e\000n\000t\000\040\000p\000a\000r\000i\000t\000y\000\040\000\050\000A\000W\000S\000\040\000a\000n\000d\000\040\000A\000z\000u\000r\000e\000\051}{chapter.7}% 47
\BOOKMARK [1][-]{section.7.7}{\376\377\000C\000h\000a\000l\000l\000e\000n\000g\000e\000s\000\040\000a\000n\000d\000\040\000r\000e\000s\000o\000l\000u\000t\000i\000o\000n\000s}{chapter.7}% 48
\BOOKMARK [0][-]{chapter.8}{\376\377\000D\000a\000t\000a\000\040\000E\000n\000g\000i\000n\000e\000e\000r\000i\000n\000g\000\040\000M\000a\000n\000i\000f\000e\000s\000t\000o}{}% 49
\BOOKMARK [1][-]{section.8.1}{\376\377\000P\000u\000r\000p\000o\000s\000e\000\040\000a\000n\000d\000\040\000S\000c\000o\000p\000e}{chapter.8}% 50
\BOOKMARK [1][-]{section.8.2}{\376\377\000P\000r\000i\000n\000c\000i\000p\000l\000e\000\040\000C\000a\000t\000a\000l\000o\000g\000u\000e}{chapter.8}% 51
\BOOKMARK [1][-]{section.8.3}{\376\377\000V\000i\000s\000u\000a\000l\000\040\000C\000h\000a\000r\000t\000e\000r}{chapter.8}% 52
\BOOKMARK [1][-]{section.8.4}{\376\377\000P\000e\000r\000f\000o\000r\000m\000a\000n\000c\000e\000\040\000a\000n\000d\000\040\000R\000e\000l\000i\000a\000b\000i\000l\000i\000t\000y\000\040\000I\000n\000s\000i\000g\000h\000t\000s}{chapter.8}% 53
\BOOKMARK [1][-]{section.8.5}{\376\377\000D\000a\000t\000a\000\040\000P\000r\000o\000d\000u\000c\000t\000\040\000M\000a\000t\000u\000r\000i\000t\000y\000\040\000M\000o\000d\000e\000l}{chapter.8}% 54
\BOOKMARK [1][-]{section.8.6}{\376\377\000G\000o\000v\000e\000r\000n\000a\000n\000c\000e\000\040\000a\000n\000d\000\040\000O\000b\000s\000e\000r\000v\000a\000b\000i\000l\000i\000t\000y\000\040\000S\000t\000a\000c\000k}{chapter.8}% 55
\BOOKMARK [1][-]{section.8.7}{\376\377\000A\000d\000o\000p\000t\000i\000o\000n\000\040\000G\000u\000i\000d\000a\000n\000c\000e}{chapter.8}% 56
\BOOKMARK [0][-]{chapter.9}{\376\377\000D\000a\000t\000a\000\040\000M\000o\000d\000e\000l\000l\000i\000n\000g\000\040\000a\000n\000d\000\040\000M\000a\000n\000a\000g\000e\000m\000e\000n\000t}{}% 57
\BOOKMARK [1][-]{section.9.1}{\376\377\000C\000o\000n\000c\000e\000p\000t\000u\000a\000l\000\040\000D\000a\000t\000a\000\040\000M\000o\000d\000e\000l}{chapter.9}% 58
\BOOKMARK [1][-]{section.9.2}{\376\377\000S\000a\000m\000p\000l\000e\000\040\000D\000a\000t\000a\000\040\000D\000e\000s\000i\000g\000n\000\040\000H\000i\000g\000h\000l\000i\000g\000h\000t\000s}{chapter.9}% 59
\BOOKMARK [1][-]{section.9.3}{\376\377\000E\000n\000t\000i\000t\000y\000\040\000C\000a\000t\000a\000l\000o\000g\000u\000e}{chapter.9}% 60
\BOOKMARK [1][-]{section.9.4}{\376\377\000M\000a\000s\000t\000e\000r\000\040\000D\000a\000t\000a\000\040\000a\000n\000d\000\040\000D\000a\000t\000a\000\040\000Q\000u\000a\000l\000i\000t\000y}{chapter.9}% 61
\BOOKMARK [1][-]{section.9.5}{\376\377\000M\000e\000t\000a\000d\000a\000t\000a\000\040\000a\000n\000d\000\040\000L\000i\000n\000e\000a\000g\000e}{chapter.9}% 62
\BOOKMARK [0][-]{chapter.10}{\376\377\000A\000n\000a\000l\000y\000t\000i\000c\000s\000\040\000D\000e\000l\000i\000v\000e\000r\000y\000\040\000a\000n\000d\000\040\000V\000i\000s\000u\000a\000l\000i\000s\000a\000t\000i\000o\000n}{}% 63
\BOOKMARK [1][-]{section.10.1}{\376\377\000M\000u\000l\000t\000i\000-\000C\000h\000a\000n\000n\000e\000l\000\040\000I\000n\000s\000i\000g\000h\000t\000\040\000D\000e\000l\000i\000v\000e\000r\000y}{chapter.10}% 64
\BOOKMARK [1][-]{section.10.2}{\376\377\000K\000P\000I\000\040\000C\000a\000t\000a\000l\000o\000g\000u\000e}{chapter.10}% 65
\BOOKMARK [1][-]{section.10.3}{\376\377\000P\000e\000r\000f\000o\000r\000m\000a\000n\000c\000e\000\040\000B\000e\000n\000c\000h\000m\000a\000r\000k\000i\000n\000g}{chapter.10}% 66
\BOOKMARK [1][-]{section.10.4}{\376\377\000D\000a\000s\000h\000b\000o\000a\000r\000d\000\040\000D\000e\000s\000i\000g\000n\000\040\000P\000r\000i\000n\000c\000i\000p\000l\000e\000s}{chapter.10}% 67
\BOOKMARK [1][-]{section.10.5}{\376\377\000D\000i\000s\000t\000r\000i\000b\000u\000t\000i\000o\000n\000\040\000a\000n\000d\000\040\000A\000u\000t\000o\000m\000a\000t\000i\000o\000n}{chapter.10}% 68
\BOOKMARK [0][-]{chapter.11}{\376\377\000O\000p\000e\000r\000a\000t\000i\000o\000n\000s\000,\000\040\000A\000u\000t\000o\000m\000a\000t\000i\000o\000n\000,\000\040\000a\000n\000d\000\040\000G\000o\000v\000e\000r\000n\000a\000n\000c\000e}{}% 69
\BOOKMARK [1][-]{section.11.1}{\376\377\000C\000o\000n\000t\000i\000n\000u\000o\000u\000s\000\040\000I\000n\000t\000e\000g\000r\000a\000t\000i\000o\000n\000\040\000a\000n\000d\000\040\000D\000e\000l\000i\000v\000e\000r\000y}{chapter.11}% 70
\BOOKMARK [1][-]{section.11.2}{\376\377\000S\000e\000c\000u\000r\000i\000t\000y\000\040\000a\000n\000d\000\040\000C\000o\000m\000p\000l\000i\000a\000n\000c\000e}{chapter.11}% 71
\BOOKMARK [1][-]{section.11.3}{\376\377\000O\000b\000s\000e\000r\000v\000a\000b\000i\000l\000i\000t\000y}{chapter.11}% 72
\BOOKMARK [1][-]{section.11.4}{\376\377\000R\000i\000s\000k\000\040\000M\000a\000n\000a\000g\000e\000m\000e\000n\000t}{chapter.11}% 73
\BOOKMARK [1][-]{section.11.5}{\376\377\000C\000o\000s\000t\000\040\000G\000o\000v\000e\000r\000n\000a\000n\000c\000e}{chapter.11}% 74
\BOOKMARK [0][-]{chapter.12}{\376\377\000R\000e\000s\000u\000l\000t\000s\000\040\000a\000n\000d\000\040\000E\000v\000a\000l\000u\000a\000t\000i\000o\000n}{}% 75
\BOOKMARK [1][-]{section.12.1}{\376\377\000T\000e\000c\000h\000n\000i\000c\000a\000l\000\040\000O\000u\000t\000c\000o\000m\000e\000s}{chapter.12}% 76
\BOOKMARK [1][-]{section.12.2}{\376\377\000B\000u\000s\000i\000n\000e\000s\000s\000\040\000I\000m\000p\000a\000c\000t}{chapter.12}% 77
\BOOKMARK [1][-]{section.12.3}{\376\377\000U\000s\000e\000r\000\040\000A\000d\000o\000p\000t\000i\000o\000n}{chapter.12}% 78
\BOOKMARK [1][-]{section.12.4}{\376\377\000E\000v\000a\000l\000u\000a\000t\000i\000o\000n\000\040\000A\000g\000a\000i\000n\000s\000t\000\040\000R\000e\000s\000e\000a\000r\000c\000h\000\040\000Q\000u\000e\000s\000t\000i\000o\000n\000s}{chapter.12}% 79
\BOOKMARK [1][-]{section.12.5}{\376\377\000M\000a\000n\000i\000f\000e\000s\000t\000o\000\040\000A\000d\000o\000p\000t\000i\000o\000n\000\040\000E\000f\000f\000e\000c\000t\000s}{chapter.12}% 80
\BOOKMARK [1][-]{section.12.6}{\376\377\000L\000i\000m\000i\000t\000a\000t\000i\000o\000n\000s\000\040\000a\000n\000d\000\040\000F\000u\000t\000u\000r\000e\000\040\000E\000v\000a\000l\000u\000a\000t\000i\000o\000n}{chapter.12}% 81
\BOOKMARK [0][-]{chapter.13}{\376\377\000R\000e\000c\000o\000m\000m\000e\000n\000d\000a\000t\000i\000o\000n\000s\000\040\000a\000n\000d\000\040\000R\000o\000a\000d\000m\000a\000p}{}% 82
\BOOKMARK [1][-]{section.13.1}{\376\377\000P\000r\000i\000o\000r\000i\000t\000i\000s\000e\000d\000\040\000R\000e\000c\000o\000m\000m\000e\000n\000d\000a\000t\000i\000o\000n\000s}{chapter.13}% 83
\BOOKMARK [1][-]{section.13.2}{\376\377\000G\000e\000n\000e\000r\000a\000l\000i\000s\000a\000b\000i\000l\000i\000t\000y}{chapter.13}% 84
\BOOKMARK [1][-]{section.13.3}{\376\377\000S\000t\000r\000a\000t\000e\000g\000i\000c\000\040\000O\000u\000t\000l\000o\000o\000k}{chapter.13}% 85
\BOOKMARK [0][-]{chapter.14}{\376\377\000C\000o\000n\000c\000l\000u\000s\000i\000o\000n}{}% 86
\BOOKMARK [0][-]{appendix*.28}{\376\377\000G\000e\000n\000e\000r\000a\000t\000i\000v\000e\000\040\000A\000I\000\040\000U\000s\000a\000g\000e\000\040\000D\000o\000c\000u\000m\000e\000n\000t\000a\000t\000i\000o\000n}{}% 87
\BOOKMARK [1][-]{section.Alph0.1}{\376\377\000P\000r\000o\000m\000p\000t\000\040\000C\000a\000t\000a\000l\000o\000g\000u\000e}{appendix*.28}% 88
\BOOKMARK [1][-]{section.Alph0.2}{\376\377\000H\000u\000m\000a\000n\000\040\000V\000a\000l\000i\000d\000a\000t\000i\000o\000n}{appendix*.28}% 89
\BOOKMARK [0][-]{appendix*.30}{\376\377\000A\000d\000d\000i\000t\000i\000o\000n\000a\000l\000\040\000A\000r\000t\000e\000f\000a\000c\000t\000s}{}% 90
\BOOKMARK [1][-]{section.Alph0.3}{\376\377\000R\000u\000n\000b\000o\000o\000k\000\040\000E\000x\000c\000e\000r\000p\000t}{appendix*.30}% 91
\BOOKMARK [1][-]{section.Alph0.4}{\376\377\000D\000a\000t\000a\000\040\000D\000i\000c\000t\000i\000o\000n\000a\000r\000y\000\040\000S\000n\000a\000p\000s\000h\000o\000t}{appendix*.30}% 92
\BOOKMARK [1][-]{section.Alph0.5}{\376\377\000E\000n\000v\000i\000r\000o\000n\000m\000e\000n\000t\000\040\000I\000n\000v\000e\000n\000t\000o\000r\000y}{appendix*.30}% 93
\BOOKMARK [0][-]{appendix*.32}{\376\377\000M\000a\000n\000i\000f\000e\000s\000t\000o\000\040\000A\000s\000s\000e\000t\000s\000\040\000a\000n\000d\000\040\000T\000o\000o\000l\000s}{}% 94
\BOOKMARK [1][-]{section.Alph0.6}{\376\377\000T\000o\000o\000l\000i\000n\000g\000\040\000F\000o\000o\000t\000p\000r\000i\000n\000t}{appendix*.32}% 95
\BOOKMARK [1][-]{section.Alph0.7}{\376\377\000G\000l\000o\000s\000s\000a\000r\000y\000\040\000S\000u\000p\000p\000l\000e\000m\000e\000n\000t}{appendix*.32}% 96
\BOOKMARK [1][-]{section.Alph0.8}{\376\377\000P\000o\000s\000t\000e\000r\000\040\000a\000n\000d\000\040\000D\000i\000a\000g\000r\000a\000m\000\040\000I\000n\000s\000t\000r\000u\000c\000t\000i\000o\000n\000s}{appendix*.32}% 97
